0 0 can do it this way if you want to evaluate the first condition before the you can also use another if out manual page for operator	
0 0 pattern found in languages like	
0 0 solid	
0 1	
0 1 0	
0 1 0 0 1 0 0 0 1 0 0 0 0 1 0 0 0 0 this is an untested first you looking for basic info on how to get google is your for try googling for loop and get a lot of good to learn basic things in any a google search for hello is very	
0 1 1 1 0 0 1 1 0 1 0	
0 295px 0 want to set a minimum width on the center column so it cannot shrink too much and past this minimum width like the browser to display a horizontal scroll bar instead of the right column overlapping the center scrollbar past the	
0 400px solid	
0 5 should be 5 should be 4 because the next allowed digit going in the reverse direction it be since out of following along by that must be easiest way to think of how it will work is that you keep adding or subtracting 5 until the number falls between 0 and 5 not sure about machine dependence never seen an implementation that but i say never	
0 a b b sure about this added b you a b b be this would be compiler i do still not see a case where the overflow bug can be	
0 and testnum divisible by 2 and not isprime numroot i while i if isprime many primes would you numprimessofar about the formatting not really sure why not working but assume i have the this outputs how many primes would you so why is isprime true still when i set it to so is that what you guys are talking programming
0 as will return datatype which in is just a synonym for that it will not work when is a will return as but since your question only mentions zeros and positive i post this without	
0 astr	
0 centered	
0 compile all the files in the directory and in all subdirectories part is to make it not ask about every file that does not have a	
0 did the	
0 do should the function returns a jquery object that contains the so you just need to check the size and see if it has at least one	
0 do stuff	
0 do the an margin to the left and right of the ul like this will cause it to center itself in the div whenever the div has centered this is how many websites center the div that serves as the main content of their	

