0 0 can do it this way if you want to evaluate the first condition before the you can also use another if out manual page for operator	
0 0 pattern found in languages like	
0 0 solid	
0 1	
0 1 0	
0 1 0 0 1 0 0 0 1 0 0 0 0 1 0 0 0 0 this is an untested first you looking for basic info on how to get google is your for try googling for loop and get a lot of good to learn basic things in any a google search for hello is very	
0 1 1 1 0 0 1 1 0 1 0	
0 1 is 2 is 4 always 7 activesync features default 0 msexchomaadminwirelessenable select	
0 295px 0 want to set a minimum width on the center column so it cannot shrink too much and past this minimum width like the browser to display a horizontal scroll bar instead of the right column overlapping the center scrollbar past the	
0 400px solid	
0 5 should be 5 should be 4 because the next allowed digit going in the reverse direction it be since out of following along by that must be easiest way to think of how it will work is that you keep adding or subtracting 5 until the number falls between 0 and 5 not sure about machine dependence never seen an implementation that but i say never	
0 8 bit unsigned so allows 255 zero empty other 255 the 255 is very different to sql server always pads the data if not is no difference between and unless you want to index where you have a limit of 900 server before 7 had varchar limit of 255 and no unicode that was a	
0 as will return datatype which in is just a synonym for that it will not work when is a will return as but since your question only mentions zeros and positive i post this without	
0 andalso 0 the first table contains	
0 limit is precalculated in php random from 1 to of active and the result consists of 6	
0 or yourcolumnname is	
0 sunday 1 m y 1752 or so static int y m return	
0 your text	
0 a b b sure about this added b you a b b be this would be compiler i do still not see a case where the overflow bug can be	
0 add new into or set position where id or my question is why does the update query though works does not take the father i am not sure whether its on a variable passed to
